<?xml version="1.0" encoding="UTF-8"?>
<robot generator="Robot 5.0.1 (Python 3.10.7 on win32)" generated="20221005 23:34:24.702" rpa="false" schemaversion="3">
<suite id="s1" name="Login" source="C:\Users\lucas.vdias\Documents\TRADE-STICKER\tests\login.robot">
<test id="s1-t1" name="Deve logar com sucesso" line="8">
<kw name="New Browser" library="Browser">
<arg>headless=false</arg>
<tag>BrowserControl</tag>
<tag>Setter</tag>
<doc>Create a new playwright Browser with specified options.</doc>
<msg timestamp="20221005 23:34:25.375" level="INFO">{"browser": "chromium", "headless": false, "devtools": false, "handleSIGHUP": true, "handleSIGINT": true, "handleSIGTERM": true, "slowMo": 0.0, "timeout": 30000.0, "deprecated_pos_args": [], "tracesDir": "C:\\Users\\lucas.vdias\\Documents\\TRADE-STICKER\\logs\\browser\\traces\\b2cc43ed-d38a-4fc5-84f4-0a25f98a3224"}</msg>
<msg timestamp="20221005 23:34:25.677" level="INFO">Successfully created browser with options: {"browser":"chromium","headless":false,"devtools":false,"handleSIGHUP":true,"handleSIGINT":true,"handleSIGTERM":true,"slowMo":0,"timeout":30000,"deprecated_pos_args":[],"tracesDir":"C:\\Users\\lucas.vdias\\Documents\\TRADE-STICKER\\logs\\browser\\traces\\b2cc43ed-d38a-4fc5-84f4-0a25f98a3224"}</msg>
<status status="PASS" starttime="20221005 23:34:25.375" endtime="20221005 23:34:25.677"/>
</kw>
<kw name="New Page" library="Browser">
<arg>https://trade-sticker-dev.vercel.app/</arg>
<tag>BrowserControl</tag>
<tag>Setter</tag>
<doc>Open a new Page.</doc>
<msg timestamp="20221005 23:34:26.584" level="INFO">Successfully initialized new page object and opened url: https://trade-sticker-dev.vercel.app/</msg>
<msg timestamp="20221005 23:34:26.584" level="INFO">No context was open. New context was automatically opened when this page is created.</msg>
<status status="PASS" starttime="20221005 23:34:25.680" endtime="20221005 23:34:26.584"/>
</kw>
<kw name="Fill Text" library="Browser">
<arg>css=input[name=email]</arg>
<arg>papito@gmail.com</arg>
<tag>PageContent</tag>
<tag>Setter</tag>
<doc>Clears and fills the given ``txt`` into the text field found by ``selector``.</doc>
<msg timestamp="20221005 23:34:26.585" level="INFO">Fills the text 'papito@gmail.com' in the given field.</msg>
<status status="PASS" starttime="20221005 23:34:26.585" endtime="20221005 23:34:26.631"/>
</kw>
<kw name="Fill Text" library="Browser">
<arg>css=input[name=password]</arg>
<arg>vaibrasil</arg>
<tag>PageContent</tag>
<tag>Setter</tag>
<doc>Clears and fills the given ``txt`` into the text field found by ``selector``.</doc>
<msg timestamp="20221005 23:34:26.634" level="INFO">Fills the text 'vaibrasil' in the given field.</msg>
<status status="PASS" starttime="20221005 23:34:26.633" endtime="20221005 23:34:26.659"/>
</kw>
<kw name="Click" library="Browser">
<arg>xpath=//button[@class='button']</arg>
<tag>PageContent</tag>
<tag>Setter</tag>
<doc>Simulates mouse click on the element found by ``selector``.</doc>
<status status="PASS" starttime="20221005 23:34:26.659" endtime="20221005 23:34:26.712"/>
</kw>
<kw name="Sleep" library="BuiltIn">
<arg>5</arg>
<doc>Pauses the test executed for the given time.</doc>
<msg timestamp="20221005 23:34:31.723" level="INFO">Slept 5 seconds</msg>
<status status="PASS" starttime="20221005 23:34:26.712" endtime="20221005 23:34:31.723"/>
</kw>
<kw name="Get Text" library="Browser">
<arg>css=.header-content strong</arg>
<arg>equal</arg>
<arg>${veri_login}</arg>
<tag>Assertion</tag>
<tag>Getter</tag>
<tag>PageContent</tag>
<doc>Returns text attribute of the element found by ``selector``.</doc>
<status status="PASS" starttime="20221005 23:34:31.724" endtime="20221005 23:34:31.746"/>
</kw>
<status status="PASS" starttime="20221005 23:34:25.373" endtime="20221005 23:34:31.747"/>
</test>
<doc>Testes de login</doc>
<status status="PASS" starttime="20221005 23:34:24.704" endtime="20221005 23:34:31.809"/>
</suite>
<statistics>
<total>
<stat pass="1" fail="0" skip="0">All Tests</stat>
</total>
<tag>
</tag>
<suite>
<stat pass="1" fail="0" skip="0" id="s1" name="Login">Login</stat>
</suite>
</statistics>
<errors>
</errors>
</robot>
